[debug] [2023-12-16T14:58:15.611Z] ----------------------------------------------------------------------
[debug] [2023-12-16T14:58:15.613Z] Command:       /opt/homebrew/Cellar/node/21.4.0/bin/node /usr/local/bin/firebase init
[debug] [2023-12-16T14:58:15.613Z] CLI Version:   12.5.2
[debug] [2023-12-16T14:58:15.613Z] Platform:      darwin
[debug] [2023-12-16T14:58:15.613Z] Node Version:  v21.4.0
[debug] [2023-12-16T14:58:15.613Z] Time:          Sat Dec 16 2023 20:28:15 GMT+0530 (India Standard Time)
[debug] [2023-12-16T14:58:15.614Z] ----------------------------------------------------------------------
[debug] 
[debug] [2023-12-16T14:58:15.652Z] > command requires scopes: ["email","openid","https://www.googleapis.com/auth/cloudplatformprojects.readonly","https://www.googleapis.com/auth/firebase","https://www.googleapis.com/auth/cloud-platform"]
[debug] [2023-12-16T14:58:15.652Z] > authorizing via signed-in user (henrysimbington@gmail.com)
[info] 
     ######## #### ########  ######## ########     ###     ######  ########
     ##        ##  ##     ## ##       ##     ##  ##   ##  ##       ##
     ######    ##  ########  ######   ########  #########  ######  ######
     ##        ##  ##    ##  ##       ##     ## ##     ##       ## ##
     ##       #### ##     ## ######## ########  ##     ##  ######  ########

You're about to initialize a Firebase project in this directory:

  /Users/kiranbehara/Desktop/hacking/react-firebase-chat

Before we get started, keep in mind:

  * You are initializing within an existing Firebase project directory

[info] 
=== Project Setup
[info] 
[info] First, let's associate this project directory with a Firebase project.
[info] You can create multiple project aliases by running firebase use --add, 
[info] but for now we'll just set up a default project.
[info] 
[debug] [2023-12-16T14:58:19.820Z] Using project from CLI flag: fireship-demos
[debug] [2023-12-16T14:58:19.822Z] >>> [apiv2][query] GET https://firebase.googleapis.com/v1beta1/projects/fireship-demos [none]
[debug] [2023-12-16T14:58:20.462Z] <<< [apiv2][status] GET https://firebase.googleapis.com/v1beta1/projects/fireship-demos 403
[debug] [2023-12-16T14:58:20.462Z] <<< [apiv2][body] GET https://firebase.googleapis.com/v1beta1/projects/fireship-demos {"error":{"code":403,"message":"The caller does not have permission","status":"PERMISSION_DENIED"}}
[debug] [2023-12-16T14:58:20.462Z] HTTP Error: 403, The caller does not have permission
[debug] [2023-12-16T14:58:20.463Z] FirebaseError: HTTP Error: 403, The caller does not have permission
    at responseToError (/usr/local/lib/node_modules/firebase-tools/lib/responseToError.js:49:12)
    at RetryOperation._fn (/usr/local/lib/node_modules/firebase-tools/lib/apiv2.js:285:77)
    at process.processTicksAndRejections (node:internal/process/task_queues:95:5)
[error] 
[error] Error: Failed to get Firebase project fireship-demos. Please make sure the project exists and your account has permission to access it.
